"New connection! (52)\n"
"Connection 52 has disconnected\n"
"New connection! (95)\n"
"""
Message received : \n
{"id":"4","username":"owner","content":"sdfsd"}
"""
"""
Message received : \n
{"id":"4","username":"owner","content":"sdf"}
"""
"""
Message received : \n
{"id":"4","username":"owner","content":"sf"}
"""
"""
Message received : \n
{"id":"4","username":"owner","content":"sdf"}
"""
"""
Message received : \n
{"id":"4","username":"owner","content":"sdf"}
"""
"""
Message received : \n
{"id":"4","username":"owner","content":"sdf"}
"""
"""
Message received : \n
{"id":"4","username":"owner","content":"s"}
"""
"""
Message received : \n
{"id":"4","username":"owner","content":"f"}
"""
"New connection! (52)\n"
"""
Message received : \n
{"id":"4","username":"owner","content":"dfgdfg"}
"""
"""
Message received : \n
{"id":"4","username":"owner","content":"dfgdf"}
"""
"""
Message received : \n
{"id":"4","username":"owner","content":"gd"}
"""
"""
Message received : \n
{"id":"4","username":"owner","content":"fg"}
"""
"""
Message received : \n
{"id":"4","username":"owner","content":"d"}
"""
"""
Message received : \n
{"id":"4","username":"owner","content":"df"}
"""
"""
Message received : \n
{"id":"4","username":"owner","content":"g"}
"""
"New connection! (52)\n"
"Connection 52 has disconnected\n"
"New connection! (52)\n"
"""
Message received : \n
{"id":"4","username":"owner","content":"sdfsdf"}
"""
"New connection! (52)\n"
"Connection 52 has disconnected\n"
